----------------------------------------------------------------
Wed Jun 16 10:17:42 IST 2021:
Booting Derby version The Apache Software Foundation - Apache Derby - 10.14.2.0 - (1828579): instance a816c00e-017a-1325-7dde-000006dadb60 
on database directory memory:D:\Projects\Java springboot\ab8ef5fb-75b2-4c17-bafc-078f41a9fbd4 with class loader jdk.internal.loader.ClassLoaders$AppClassLoader@30946e09 
Loaded from file:/C:/Users/Asus/.m2/repository/org/apache/derby/derby/10.14.2.0/derby-10.14.2.0.jar
java.vendor=AdoptOpenJDK
java.runtime.version=11.0.11+9
user.dir=D:\Projects\Java springboot
os.name=Windows 10
os.arch=amd64
os.version=10.0
derby.system.home=null
Database Class Loader started - derby.database.classpath=''
----------------------------------------------------------------
Wed Jun 16 10:20:16 IST 2021:
Shutting down instance a816c00e-017a-1325-7dde-000006dadb60 on database directory memory:D:\Projects\Java springboot\ab8ef5fb-75b2-4c17-bafc-078f41a9fbd4 with class loader jdk.internal.loader.ClassLoaders$AppClassLoader@30946e09 
----------------------------------------------------------------
Wed Jun 16 10:20:19 IST 2021:
Booting Derby version The Apache Software Foundation - Apache Derby - 10.14.2.0 - (1828579): instance c38ac0ee-017a-1325-7dde-000006dadb60 
on database directory memory:D:\Projects\Java springboot\7c908790-1cfd-4d1a-95bf-4adc9cfe9b7e with class loader jdk.internal.loader.ClassLoaders$AppClassLoader@30946e09 
Loaded from file:/C:/Users/Asus/.m2/repository/org/apache/derby/derby/10.14.2.0/derby-10.14.2.0.jar
java.vendor=AdoptOpenJDK
java.runtime.version=11.0.11+9
user.dir=D:\Projects\Java springboot
os.name=Windows 10
os.arch=amd64
os.version=10.0
derby.system.home=null
Database Class Loader started - derby.database.classpath=''
----------------------------------------------------------------
Wed Jun 16 10:22:29 IST 2021:
Shutting down instance c38ac0ee-017a-1325-7dde-000006dadb60 on database directory memory:D:\Projects\Java springboot\7c908790-1cfd-4d1a-95bf-4adc9cfe9b7e with class loader jdk.internal.loader.ClassLoaders$AppClassLoader@30946e09 
----------------------------------------------------------------
Wed Jun 16 10:22:30 IST 2021:
Booting Derby version The Apache Software Foundation - Apache Derby - 10.14.2.0 - (1828579): instance 4c1741d7-017a-1325-7dde-000006dadb60 
on database directory memory:D:\Projects\Java springboot\adeb2586-8f4a-46c7-87ed-a53c37345b4b with class loader jdk.internal.loader.ClassLoaders$AppClassLoader@30946e09 
Loaded from file:/C:/Users/Asus/.m2/repository/org/apache/derby/derby/10.14.2.0/derby-10.14.2.0.jar
java.vendor=AdoptOpenJDK
java.runtime.version=11.0.11+9
user.dir=D:\Projects\Java springboot
os.name=Windows 10
os.arch=amd64
os.version=10.0
derby.system.home=null
Database Class Loader started - derby.database.classpath=''
----------------------------------------------------------------
Wed Jun 16 10:23:03 IST 2021:
Shutting down instance 4c1741d7-017a-1325-7dde-000006dadb60 on database directory memory:D:\Projects\Java springboot\adeb2586-8f4a-46c7-87ed-a53c37345b4b with class loader jdk.internal.loader.ClassLoaders$AppClassLoader@30946e09 
----------------------------------------------------------------
Wed Jun 16 10:23:05 IST 2021:
Booting Derby version The Apache Software Foundation - Apache Derby - 10.14.2.0 - (1828579): instance 1f7682a5-017a-1325-7dde-000006dadb60 
on database directory memory:D:\Projects\Java springboot\26fe7f6a-89cc-4657-934c-10e5e281d64d with class loader jdk.internal.loader.ClassLoaders$AppClassLoader@30946e09 
Loaded from file:/C:/Users/Asus/.m2/repository/org/apache/derby/derby/10.14.2.0/derby-10.14.2.0.jar
java.vendor=AdoptOpenJDK
java.runtime.version=11.0.11+9
user.dir=D:\Projects\Java springboot
os.name=Windows 10
os.arch=amd64
os.version=10.0
derby.system.home=null
Database Class Loader started - derby.database.classpath=''
----------------------------------------------------------------
Wed Jun 16 10:52:22 IST 2021:
Shutting down instance 1f7682a5-017a-1325-7dde-000006dadb60 on database directory memory:D:\Projects\Java springboot\26fe7f6a-89cc-4657-934c-10e5e281d64d with class loader jdk.internal.loader.ClassLoaders$AppClassLoader@30946e09 
----------------------------------------------------------------
Wed Jun 16 10:52:24 IST 2021:
Booting Derby version The Apache Software Foundation - Apache Derby - 10.14.2.0 - (1828579): instance 58d2c3ae-017a-1325-7dde-000006dadb60 
on database directory memory:D:\Projects\Java springboot\510f7ee8-881a-41f0-9431-42eaecd252c0 with class loader jdk.internal.loader.ClassLoaders$AppClassLoader@30946e09 
Loaded from file:/C:/Users/Asus/.m2/repository/org/apache/derby/derby/10.14.2.0/derby-10.14.2.0.jar
java.vendor=AdoptOpenJDK
java.runtime.version=11.0.11+9
user.dir=D:\Projects\Java springboot
os.name=Windows 10
os.arch=amd64
os.version=10.0
derby.system.home=null
Database Class Loader started - derby.database.classpath=''
----------------------------------------------------------------
Wed Jun 16 10:54:46 IST 2021:
Shutting down instance 58d2c3ae-017a-1325-7dde-000006dadb60 on database directory memory:D:\Projects\Java springboot\510f7ee8-881a-41f0-9431-42eaecd252c0 with class loader jdk.internal.loader.ClassLoaders$AppClassLoader@30946e09 
